26-10-2022 10:23:07.322 INFO [main] [org.springframework.web.servlet.FrameworkServlet.initServletBean(FrameworkServlet.java:525)] - Initializing Servlet 'spring'
26-10-2022 10:23:08.247 INFO [main] [org.hibernate.Version.logVersion(Version.java:44)] - HHH000412: Hibernate ORM core version 5.6.11.Final
26-10-2022 10:23:09.377 INFO [main] [org.hibernate.annotations.common.reflection.java.JavaReflectionManager.<clinit>(JavaReflectionManager.java:56)] - HCANN000001: Hibernate Commons Annotations {5.1.2.Final}
26-10-2022 10:23:10.303 WARN [main] [org.hibernate.engine.jdbc.connections.internal.DriverManagerConnectionProviderImpl.configure(DriverManagerConnectionProviderImpl.java:75)] - HHH10001002: Using Hibernate built-in connection pool (not for production use!)
26-10-2022 10:23:10.310 INFO [main] [org.hibernate.engine.jdbc.connections.internal.DriverManagerConnectionProviderImpl.buildCreator(DriverManagerConnectionProviderImpl.java:119)] - HHH10001005: using driver [com.mysql.cj.jdbc.Driver] at URL [jdbc:mysql://localhost:3306/employee_db]
26-10-2022 10:23:10.311 INFO [main] [org.hibernate.engine.jdbc.connections.internal.DriverManagerConnectionProviderImpl.buildCreator(DriverManagerConnectionProviderImpl.java:128)] - HHH10001001: Connection properties: {password=****, user=root}
26-10-2022 10:23:10.311 INFO [main] [org.hibernate.engine.jdbc.connections.internal.DriverManagerConnectionProviderImpl.buildCreator(DriverManagerConnectionProviderImpl.java:132)] - HHH10001003: Autocommit mode: false
26-10-2022 10:23:10.322 INFO [main] [org.hibernate.engine.jdbc.connections.internal.DriverManagerConnectionProviderImpl$PooledConnections.<init>(DriverManagerConnectionProviderImpl.java:322)] - HHH000115: Hibernate connection pool size: 20 (min=1)
26-10-2022 10:23:11.030 INFO [main] [org.hibernate.dialect.Dialect.<init>(Dialect.java:175)] - HHH000400: Using dialect: org.hibernate.dialect.MySQL5Dialect
26-10-2022 10:23:12.735 INFO [main] [org.hibernate.resource.transaction.backend.jdbc.internal.DdlTransactionIsolatorNonJtaImpl.getIsolatedConnection(DdlTransactionIsolatorNonJtaImpl.java:48)] - HHH10001501: Connection obtained from JdbcConnectionAccess [org.hibernate.engine.jdbc.env.internal.JdbcEnvironmentInitiator$ConnectionProviderJdbcConnectionAccess@1f79536b] for (non-JTA) DDL execution was not in auto-commit mode; the Connection 'local transaction' will be committed and the Connection will be set into auto-commit mode.
26-10-2022 10:23:13.076 INFO [main] [org.hibernate.engine.transaction.jta.platform.internal.JtaPlatformInitiator.initiateService(JtaPlatformInitiator.java:52)] - HHH000490: Using JtaPlatform implementation: [org.hibernate.engine.transaction.jta.platform.internal.NoJtaPlatform]
26-10-2022 10:23:13.563 INFO [main] [org.springframework.web.servlet.FrameworkServlet.initServletBean(FrameworkServlet.java:547)] - Completed initialization in 6212 ms
26-10-2022 10:23:40.079 WARN [http-nio-8080-exec-8] [org.springframework.web.servlet.DispatcherServlet.noHandlerFound(DispatcherServlet.java:1282)] - No mapping for GET /EmployeeSpring/EmployeeController
26-10-2022 10:25:22.770 INFO [main] [org.springframework.web.servlet.FrameworkServlet.initServletBean(FrameworkServlet.java:525)] - Initializing Servlet 'spring'
26-10-2022 10:25:23.693 INFO [main] [org.hibernate.Version.logVersion(Version.java:44)] - HHH000412: Hibernate ORM core version 5.6.11.Final
26-10-2022 10:25:24.726 INFO [main] [org.hibernate.annotations.common.reflection.java.JavaReflectionManager.<clinit>(JavaReflectionManager.java:56)] - HCANN000001: Hibernate Commons Annotations {5.1.2.Final}
26-10-2022 10:25:25.599 WARN [main] [org.hibernate.engine.jdbc.connections.internal.DriverManagerConnectionProviderImpl.configure(DriverManagerConnectionProviderImpl.java:75)] - HHH10001002: Using Hibernate built-in connection pool (not for production use!)
26-10-2022 10:25:25.607 INFO [main] [org.hibernate.engine.jdbc.connections.internal.DriverManagerConnectionProviderImpl.buildCreator(DriverManagerConnectionProviderImpl.java:119)] - HHH10001005: using driver [com.mysql.cj.jdbc.Driver] at URL [jdbc:mysql://localhost:3306/employee_db]
26-10-2022 10:25:25.608 INFO [main] [org.hibernate.engine.jdbc.connections.internal.DriverManagerConnectionProviderImpl.buildCreator(DriverManagerConnectionProviderImpl.java:128)] - HHH10001001: Connection properties: {password=****, user=root}
26-10-2022 10:25:25.608 INFO [main] [org.hibernate.engine.jdbc.connections.internal.DriverManagerConnectionProviderImpl.buildCreator(DriverManagerConnectionProviderImpl.java:132)] - HHH10001003: Autocommit mode: false
26-10-2022 10:25:25.619 INFO [main] [org.hibernate.engine.jdbc.connections.internal.DriverManagerConnectionProviderImpl$PooledConnections.<init>(DriverManagerConnectionProviderImpl.java:322)] - HHH000115: Hibernate connection pool size: 20 (min=1)
26-10-2022 10:25:26.242 INFO [main] [org.hibernate.dialect.Dialect.<init>(Dialect.java:175)] - HHH000400: Using dialect: org.hibernate.dialect.MySQL5Dialect
26-10-2022 10:25:27.971 INFO [main] [org.hibernate.resource.transaction.backend.jdbc.internal.DdlTransactionIsolatorNonJtaImpl.getIsolatedConnection(DdlTransactionIsolatorNonJtaImpl.java:48)] - HHH10001501: Connection obtained from JdbcConnectionAccess [org.hibernate.engine.jdbc.env.internal.JdbcEnvironmentInitiator$ConnectionProviderJdbcConnectionAccess@b225c59] for (non-JTA) DDL execution was not in auto-commit mode; the Connection 'local transaction' will be committed and the Connection will be set into auto-commit mode.
26-10-2022 10:25:28.224 INFO [main] [org.hibernate.engine.transaction.jta.platform.internal.JtaPlatformInitiator.initiateService(JtaPlatformInitiator.java:52)] - HHH000490: Using JtaPlatform implementation: [org.hibernate.engine.transaction.jta.platform.internal.NoJtaPlatform]
26-10-2022 10:25:28.697 INFO [main] [org.springframework.web.servlet.FrameworkServlet.initServletBean(FrameworkServlet.java:547)] - Completed initialization in 5911 ms
26-10-2022 10:25:37.273 WARN [http-nio-8080-exec-4] [org.springframework.web.servlet.DispatcherServlet.noHandlerFound(DispatcherServlet.java:1282)] - No mapping for GET /EmployeeSpring/EmployeeController
26-10-2022 10:26:30.670 WARN [http-nio-8080-exec-6] [org.springframework.web.servlet.DispatcherServlet.noHandlerFound(DispatcherServlet.java:1282)] - No mapping for GET /EmployeeSpring/EmployeeController
26-10-2022 10:26:48.496 WARN [http-nio-8080-exec-7] [org.springframework.web.servlet.DispatcherServlet.noHandlerFound(DispatcherServlet.java:1282)] - No mapping for GET /EmployeeSpring/EmployeeController
26-10-2022 10:30:37.796 INFO [main] [org.springframework.web.servlet.FrameworkServlet.initServletBean(FrameworkServlet.java:525)] - Initializing Servlet 'spring'
26-10-2022 10:30:38.543 INFO [main] [org.hibernate.Version.logVersion(Version.java:44)] - HHH000412: Hibernate ORM core version 5.6.11.Final
26-10-2022 10:30:39.513 INFO [main] [org.hibernate.annotations.common.reflection.java.JavaReflectionManager.<clinit>(JavaReflectionManager.java:56)] - HCANN000001: Hibernate Commons Annotations {5.1.2.Final}
26-10-2022 10:30:40.323 WARN [main] [org.hibernate.engine.jdbc.connections.internal.DriverManagerConnectionProviderImpl.configure(DriverManagerConnectionProviderImpl.java:75)] - HHH10001002: Using Hibernate built-in connection pool (not for production use!)
26-10-2022 10:30:40.331 INFO [main] [org.hibernate.engine.jdbc.connections.internal.DriverManagerConnectionProviderImpl.buildCreator(DriverManagerConnectionProviderImpl.java:119)] - HHH10001005: using driver [com.mysql.cj.jdbc.Driver] at URL [jdbc:mysql://localhost:3306/employee_db]
26-10-2022 10:30:40.331 INFO [main] [org.hibernate.engine.jdbc.connections.internal.DriverManagerConnectionProviderImpl.buildCreator(DriverManagerConnectionProviderImpl.java:128)] - HHH10001001: Connection properties: {password=****, user=root}
26-10-2022 10:30:40.332 INFO [main] [org.hibernate.engine.jdbc.connections.internal.DriverManagerConnectionProviderImpl.buildCreator(DriverManagerConnectionProviderImpl.java:132)] - HHH10001003: Autocommit mode: false
26-10-2022 10:30:40.340 INFO [main] [org.hibernate.engine.jdbc.connections.internal.DriverManagerConnectionProviderImpl$PooledConnections.<init>(DriverManagerConnectionProviderImpl.java:322)] - HHH000115: Hibernate connection pool size: 20 (min=1)
26-10-2022 10:30:40.876 INFO [main] [org.hibernate.dialect.Dialect.<init>(Dialect.java:175)] - HHH000400: Using dialect: org.hibernate.dialect.MySQL5Dialect
26-10-2022 10:30:42.470 INFO [main] [org.hibernate.resource.transaction.backend.jdbc.internal.DdlTransactionIsolatorNonJtaImpl.getIsolatedConnection(DdlTransactionIsolatorNonJtaImpl.java:48)] - HHH10001501: Connection obtained from JdbcConnectionAccess [org.hibernate.engine.jdbc.env.internal.JdbcEnvironmentInitiator$ConnectionProviderJdbcConnectionAccess@26db1100] for (non-JTA) DDL execution was not in auto-commit mode; the Connection 'local transaction' will be committed and the Connection will be set into auto-commit mode.
26-10-2022 10:30:42.718 INFO [main] [org.hibernate.engine.transaction.jta.platform.internal.JtaPlatformInitiator.initiateService(JtaPlatformInitiator.java:52)] - HHH000490: Using JtaPlatform implementation: [org.hibernate.engine.transaction.jta.platform.internal.NoJtaPlatform]
26-10-2022 10:30:43.166 INFO [main] [org.springframework.web.servlet.FrameworkServlet.initServletBean(FrameworkServlet.java:547)] - Completed initialization in 5354 ms
26-10-2022 10:31:00.878 WARN [http-nio-8080-exec-4] [org.springframework.web.servlet.DispatcherServlet.noHandlerFound(DispatcherServlet.java:1282)] - No mapping for GET /EmployeeSpring/getTraineeById&id=34
26-10-2022 10:33:06.952 INFO [main] [org.springframework.web.servlet.FrameworkServlet.initServletBean(FrameworkServlet.java:525)] - Initializing Servlet 'spring'
26-10-2022 10:33:07.700 INFO [main] [org.hibernate.Version.logVersion(Version.java:44)] - HHH000412: Hibernate ORM core version 5.6.11.Final
26-10-2022 10:33:08.603 INFO [main] [org.hibernate.annotations.common.reflection.java.JavaReflectionManager.<clinit>(JavaReflectionManager.java:56)] - HCANN000001: Hibernate Commons Annotations {5.1.2.Final}
26-10-2022 10:33:09.453 WARN [main] [org.hibernate.engine.jdbc.connections.internal.DriverManagerConnectionProviderImpl.configure(DriverManagerConnectionProviderImpl.java:75)] - HHH10001002: Using Hibernate built-in connection pool (not for production use!)
26-10-2022 10:33:09.460 INFO [main] [org.hibernate.engine.jdbc.connections.internal.DriverManagerConnectionProviderImpl.buildCreator(DriverManagerConnectionProviderImpl.java:119)] - HHH10001005: using driver [com.mysql.cj.jdbc.Driver] at URL [jdbc:mysql://localhost:3306/employee_db]
26-10-2022 10:33:09.461 INFO [main] [org.hibernate.engine.jdbc.connections.internal.DriverManagerConnectionProviderImpl.buildCreator(DriverManagerConnectionProviderImpl.java:128)] - HHH10001001: Connection properties: {password=****, user=root}
26-10-2022 10:33:09.461 INFO [main] [org.hibernate.engine.jdbc.connections.internal.DriverManagerConnectionProviderImpl.buildCreator(DriverManagerConnectionProviderImpl.java:132)] - HHH10001003: Autocommit mode: false
26-10-2022 10:33:09.469 INFO [main] [org.hibernate.engine.jdbc.connections.internal.DriverManagerConnectionProviderImpl$PooledConnections.<init>(DriverManagerConnectionProviderImpl.java:322)] - HHH000115: Hibernate connection pool size: 20 (min=1)
26-10-2022 10:33:10.000 INFO [main] [org.hibernate.dialect.Dialect.<init>(Dialect.java:175)] - HHH000400: Using dialect: org.hibernate.dialect.MySQL5Dialect
26-10-2022 10:33:11.688 INFO [main] [org.hibernate.resource.transaction.backend.jdbc.internal.DdlTransactionIsolatorNonJtaImpl.getIsolatedConnection(DdlTransactionIsolatorNonJtaImpl.java:48)] - HHH10001501: Connection obtained from JdbcConnectionAccess [org.hibernate.engine.jdbc.env.internal.JdbcEnvironmentInitiator$ConnectionProviderJdbcConnectionAccess@7de922ba] for (non-JTA) DDL execution was not in auto-commit mode; the Connection 'local transaction' will be committed and the Connection will be set into auto-commit mode.
26-10-2022 10:33:12.042 INFO [main] [org.hibernate.engine.transaction.jta.platform.internal.JtaPlatformInitiator.initiateService(JtaPlatformInitiator.java:52)] - HHH000490: Using JtaPlatform implementation: [org.hibernate.engine.transaction.jta.platform.internal.NoJtaPlatform]
26-10-2022 10:33:12.492 INFO [main] [org.springframework.web.servlet.FrameworkServlet.initServletBean(FrameworkServlet.java:547)] - Completed initialization in 5524 ms
26-10-2022 10:33:40.783 WARN [http-nio-8080-exec-4] [org.springframework.web.servlet.DispatcherServlet.noHandlerFound(DispatcherServlet.java:1282)] - No mapping for GET /EmployeeSpring/getTraineeById&id=34
26-10-2022 11:00:47.169 INFO [main] [org.springframework.web.servlet.FrameworkServlet.initServletBean(FrameworkServlet.java:525)] - Initializing Servlet 'spring'
26-10-2022 11:00:47.982 INFO [main] [org.hibernate.Version.logVersion(Version.java:44)] - HHH000412: Hibernate ORM core version 5.6.11.Final
26-10-2022 11:00:49.102 INFO [main] [org.hibernate.annotations.common.reflection.java.JavaReflectionManager.<clinit>(JavaReflectionManager.java:56)] - HCANN000001: Hibernate Commons Annotations {5.1.2.Final}
26-10-2022 11:00:49.942 WARN [main] [org.hibernate.engine.jdbc.connections.internal.DriverManagerConnectionProviderImpl.configure(DriverManagerConnectionProviderImpl.java:75)] - HHH10001002: Using Hibernate built-in connection pool (not for production use!)
26-10-2022 11:00:49.950 INFO [main] [org.hibernate.engine.jdbc.connections.internal.DriverManagerConnectionProviderImpl.buildCreator(DriverManagerConnectionProviderImpl.java:119)] - HHH10001005: using driver [com.mysql.cj.jdbc.Driver] at URL [jdbc:mysql://localhost:3306/employee_db]
26-10-2022 11:00:49.950 INFO [main] [org.hibernate.engine.jdbc.connections.internal.DriverManagerConnectionProviderImpl.buildCreator(DriverManagerConnectionProviderImpl.java:128)] - HHH10001001: Connection properties: {password=****, user=root}
26-10-2022 11:00:49.950 INFO [main] [org.hibernate.engine.jdbc.connections.internal.DriverManagerConnectionProviderImpl.buildCreator(DriverManagerConnectionProviderImpl.java:132)] - HHH10001003: Autocommit mode: false
26-10-2022 11:00:49.960 INFO [main] [org.hibernate.engine.jdbc.connections.internal.DriverManagerConnectionProviderImpl$PooledConnections.<init>(DriverManagerConnectionProviderImpl.java:322)] - HHH000115: Hibernate connection pool size: 20 (min=1)
26-10-2022 11:00:50.649 INFO [main] [org.hibernate.dialect.Dialect.<init>(Dialect.java:175)] - HHH000400: Using dialect: org.hibernate.dialect.MySQL5Dialect
26-10-2022 11:00:52.278 INFO [main] [org.hibernate.resource.transaction.backend.jdbc.internal.DdlTransactionIsolatorNonJtaImpl.getIsolatedConnection(DdlTransactionIsolatorNonJtaImpl.java:48)] - HHH10001501: Connection obtained from JdbcConnectionAccess [org.hibernate.engine.jdbc.env.internal.JdbcEnvironmentInitiator$ConnectionProviderJdbcConnectionAccess@140e2d82] for (non-JTA) DDL execution was not in auto-commit mode; the Connection 'local transaction' will be committed and the Connection will be set into auto-commit mode.
26-10-2022 11:00:52.571 INFO [main] [org.hibernate.engine.transaction.jta.platform.internal.JtaPlatformInitiator.initiateService(JtaPlatformInitiator.java:52)] - HHH000490: Using JtaPlatform implementation: [org.hibernate.engine.transaction.jta.platform.internal.NoJtaPlatform]
26-10-2022 11:00:53.055 INFO [main] [org.springframework.web.servlet.FrameworkServlet.initServletBean(FrameworkServlet.java:547)] - Completed initialization in 5867 ms
26-10-2022 11:01:07.691 WARN [http-nio-8080-exec-4] [org.springframework.web.servlet.DispatcherServlet.noHandlerFound(DispatcherServlet.java:1282)] - No mapping for GET /EmployeeSpring/getTraineeById&id=34
26-10-2022 11:02:05.060 INFO [main] [org.springframework.web.servlet.FrameworkServlet.initServletBean(FrameworkServlet.java:525)] - Initializing Servlet 'spring'
26-10-2022 11:02:05.786 INFO [main] [org.hibernate.Version.logVersion(Version.java:44)] - HHH000412: Hibernate ORM core version 5.6.11.Final
26-10-2022 11:02:06.705 INFO [main] [org.hibernate.annotations.common.reflection.java.JavaReflectionManager.<clinit>(JavaReflectionManager.java:56)] - HCANN000001: Hibernate Commons Annotations {5.1.2.Final}
26-10-2022 11:02:07.590 WARN [main] [org.hibernate.engine.jdbc.connections.internal.DriverManagerConnectionProviderImpl.configure(DriverManagerConnectionProviderImpl.java:75)] - HHH10001002: Using Hibernate built-in connection pool (not for production use!)
26-10-2022 11:02:07.601 INFO [main] [org.hibernate.engine.jdbc.connections.internal.DriverManagerConnectionProviderImpl.buildCreator(DriverManagerConnectionProviderImpl.java:119)] - HHH10001005: using driver [com.mysql.cj.jdbc.Driver] at URL [jdbc:mysql://localhost:3306/employee_db]
26-10-2022 11:02:07.602 INFO [main] [org.hibernate.engine.jdbc.connections.internal.DriverManagerConnectionProviderImpl.buildCreator(DriverManagerConnectionProviderImpl.java:128)] - HHH10001001: Connection properties: {password=****, user=root}
26-10-2022 11:02:07.602 INFO [main] [org.hibernate.engine.jdbc.connections.internal.DriverManagerConnectionProviderImpl.buildCreator(DriverManagerConnectionProviderImpl.java:132)] - HHH10001003: Autocommit mode: false
26-10-2022 11:02:07.611 INFO [main] [org.hibernate.engine.jdbc.connections.internal.DriverManagerConnectionProviderImpl$PooledConnections.<init>(DriverManagerConnectionProviderImpl.java:322)] - HHH000115: Hibernate connection pool size: 20 (min=1)
26-10-2022 11:02:08.284 INFO [main] [org.hibernate.dialect.Dialect.<init>(Dialect.java:175)] - HHH000400: Using dialect: org.hibernate.dialect.MySQL5Dialect
26-10-2022 11:02:09.894 INFO [main] [org.hibernate.resource.transaction.backend.jdbc.internal.DdlTransactionIsolatorNonJtaImpl.getIsolatedConnection(DdlTransactionIsolatorNonJtaImpl.java:48)] - HHH10001501: Connection obtained from JdbcConnectionAccess [org.hibernate.engine.jdbc.env.internal.JdbcEnvironmentInitiator$ConnectionProviderJdbcConnectionAccess@4c3663fc] for (non-JTA) DDL execution was not in auto-commit mode; the Connection 'local transaction' will be committed and the Connection will be set into auto-commit mode.
26-10-2022 11:02:10.137 INFO [main] [org.hibernate.engine.transaction.jta.platform.internal.JtaPlatformInitiator.initiateService(JtaPlatformInitiator.java:52)] - HHH000490: Using JtaPlatform implementation: [org.hibernate.engine.transaction.jta.platform.internal.NoJtaPlatform]
26-10-2022 11:02:10.589 INFO [main] [org.springframework.web.servlet.FrameworkServlet.initServletBean(FrameworkServlet.java:547)] - Completed initialization in 5513 ms
26-10-2022 11:02:54.367 WARN [http-nio-8080-exec-5] [org.springframework.web.servlet.DispatcherServlet.noHandlerFound(DispatcherServlet.java:1282)] - No mapping for GET /EmployeeSpring/getTraineeById&id=34
26-10-2022 11:03:17.032 WARN [http-nio-8080-exec-10] [org.springframework.web.servlet.DispatcherServlet.noHandlerFound(DispatcherServlet.java:1282)] - No mapping for GET /EmployeeSpring/getTraineeById&id=34
26-10-2022 11:09:24.088 INFO [main] [org.springframework.web.servlet.FrameworkServlet.initServletBean(FrameworkServlet.java:525)] - Initializing Servlet 'spring'
26-10-2022 11:09:24.844 INFO [main] [org.hibernate.Version.logVersion(Version.java:44)] - HHH000412: Hibernate ORM core version 5.6.11.Final
26-10-2022 11:09:25.761 INFO [main] [org.hibernate.annotations.common.reflection.java.JavaReflectionManager.<clinit>(JavaReflectionManager.java:56)] - HCANN000001: Hibernate Commons Annotations {5.1.2.Final}
26-10-2022 11:09:26.554 WARN [main] [org.hibernate.engine.jdbc.connections.internal.DriverManagerConnectionProviderImpl.configure(DriverManagerConnectionProviderImpl.java:75)] - HHH10001002: Using Hibernate built-in connection pool (not for production use!)
26-10-2022 11:09:26.561 INFO [main] [org.hibernate.engine.jdbc.connections.internal.DriverManagerConnectionProviderImpl.buildCreator(DriverManagerConnectionProviderImpl.java:119)] - HHH10001005: using driver [com.mysql.cj.jdbc.Driver] at URL [jdbc:mysql://localhost:3306/employee_db]
26-10-2022 11:09:26.562 INFO [main] [org.hibernate.engine.jdbc.connections.internal.DriverManagerConnectionProviderImpl.buildCreator(DriverManagerConnectionProviderImpl.java:128)] - HHH10001001: Connection properties: {password=****, user=root}
26-10-2022 11:09:26.562 INFO [main] [org.hibernate.engine.jdbc.connections.internal.DriverManagerConnectionProviderImpl.buildCreator(DriverManagerConnectionProviderImpl.java:132)] - HHH10001003: Autocommit mode: false
26-10-2022 11:09:26.570 INFO [main] [org.hibernate.engine.jdbc.connections.internal.DriverManagerConnectionProviderImpl$PooledConnections.<init>(DriverManagerConnectionProviderImpl.java:322)] - HHH000115: Hibernate connection pool size: 20 (min=1)
26-10-2022 11:09:27.113 INFO [main] [org.hibernate.dialect.Dialect.<init>(Dialect.java:175)] - HHH000400: Using dialect: org.hibernate.dialect.MySQL5Dialect
26-10-2022 11:09:28.675 INFO [main] [org.hibernate.resource.transaction.backend.jdbc.internal.DdlTransactionIsolatorNonJtaImpl.getIsolatedConnection(DdlTransactionIsolatorNonJtaImpl.java:48)] - HHH10001501: Connection obtained from JdbcConnectionAccess [org.hibernate.engine.jdbc.env.internal.JdbcEnvironmentInitiator$ConnectionProviderJdbcConnectionAccess@28089256] for (non-JTA) DDL execution was not in auto-commit mode; the Connection 'local transaction' will be committed and the Connection will be set into auto-commit mode.
26-10-2022 11:09:28.946 INFO [main] [org.hibernate.engine.transaction.jta.platform.internal.JtaPlatformInitiator.initiateService(JtaPlatformInitiator.java:52)] - HHH000490: Using JtaPlatform implementation: [org.hibernate.engine.transaction.jta.platform.internal.NoJtaPlatform]
26-10-2022 11:09:29.450 INFO [main] [org.springframework.web.servlet.FrameworkServlet.initServletBean(FrameworkServlet.java:547)] - Completed initialization in 5343 ms
26-10-2022 11:09:38.586 WARN [http-nio-8080-exec-4] [org.springframework.web.servlet.DispatcherServlet.noHandlerFound(DispatcherServlet.java:1282)] - No mapping for GET /EmployeeSpring/getTraineeById&id=34
26-10-2022 11:09:41.933 WARN [http-nio-8080-exec-5] [org.springframework.web.servlet.DispatcherServlet.noHandlerFound(DispatcherServlet.java:1282)] - No mapping for GET /EmployeeSpring/getTraineeById&id=31
26-10-2022 11:09:44.114 WARN [http-nio-8080-exec-6] [org.springframework.web.servlet.DispatcherServlet.noHandlerFound(DispatcherServlet.java:1282)] - No mapping for GET /EmployeeSpring/getTraineeById&id=30
26-10-2022 11:10:00.240 WARN [http-nio-8080-exec-1] [org.springframework.web.servlet.DispatcherServlet.noHandlerFound(DispatcherServlet.java:1282)] - No mapping for GET /EmployeeSpring/updateTrainer
26-10-2022 11:17:05.451 WARN [http-nio-8080-exec-3] [org.springframework.web.servlet.DispatcherServlet.noHandlerFound(DispatcherServlet.java:1282)] - No mapping for GET /EmployeeSpring/updateTrainer
26-10-2022 11:18:43.922 WARN [http-nio-8080-exec-3] [org.springframework.web.servlet.DispatcherServlet.noHandlerFound(DispatcherServlet.java:1282)] - No mapping for GET /EmployeeSpring/getTraineeById&id=36
26-10-2022 11:20:11.502 WARN [http-nio-8080-exec-6] [org.springframework.web.servlet.DispatcherServlet.noHandlerFound(DispatcherServlet.java:1282)] - No mapping for GET /EmployeeSpring/updateTrainer
26-10-2022 11:20:22.029 WARN [http-nio-8080-exec-7] [org.springframework.web.servlet.DispatcherServlet.noHandlerFound(DispatcherServlet.java:1282)] - No mapping for GET /EmployeeSpring/updateTrainer
26-10-2022 11:20:26.881 WARN [http-nio-8080-exec-8] [org.springframework.web.servlet.DispatcherServlet.noHandlerFound(DispatcherServlet.java:1282)] - No mapping for GET /EmployeeSpring/updateTrainer
26-10-2022 11:21:59.521 INFO [main] [org.springframework.web.servlet.FrameworkServlet.initServletBean(FrameworkServlet.java:525)] - Initializing Servlet 'spring'
26-10-2022 11:22:00.259 INFO [main] [org.hibernate.Version.logVersion(Version.java:44)] - HHH000412: Hibernate ORM core version 5.6.11.Final
26-10-2022 11:22:01.199 INFO [main] [org.hibernate.annotations.common.reflection.java.JavaReflectionManager.<clinit>(JavaReflectionManager.java:56)] - HCANN000001: Hibernate Commons Annotations {5.1.2.Final}
26-10-2022 11:22:02.003 WARN [main] [org.hibernate.engine.jdbc.connections.internal.DriverManagerConnectionProviderImpl.configure(DriverManagerConnectionProviderImpl.java:75)] - HHH10001002: Using Hibernate built-in connection pool (not for production use!)
26-10-2022 11:22:02.011 INFO [main] [org.hibernate.engine.jdbc.connections.internal.DriverManagerConnectionProviderImpl.buildCreator(DriverManagerConnectionProviderImpl.java:119)] - HHH10001005: using driver [com.mysql.cj.jdbc.Driver] at URL [jdbc:mysql://localhost:3306/employee_db]
26-10-2022 11:22:02.011 INFO [main] [org.hibernate.engine.jdbc.connections.internal.DriverManagerConnectionProviderImpl.buildCreator(DriverManagerConnectionProviderImpl.java:128)] - HHH10001001: Connection properties: {password=****, user=root}
26-10-2022 11:22:02.012 INFO [main] [org.hibernate.engine.jdbc.connections.internal.DriverManagerConnectionProviderImpl.buildCreator(DriverManagerConnectionProviderImpl.java:132)] - HHH10001003: Autocommit mode: false
26-10-2022 11:22:02.020 INFO [main] [org.hibernate.engine.jdbc.connections.internal.DriverManagerConnectionProviderImpl$PooledConnections.<init>(DriverManagerConnectionProviderImpl.java:322)] - HHH000115: Hibernate connection pool size: 20 (min=1)
26-10-2022 11:22:02.864 INFO [main] [org.hibernate.dialect.Dialect.<init>(Dialect.java:175)] - HHH000400: Using dialect: org.hibernate.dialect.MySQL5Dialect
26-10-2022 11:22:05.451 INFO [main] [org.hibernate.resource.transaction.backend.jdbc.internal.DdlTransactionIsolatorNonJtaImpl.getIsolatedConnection(DdlTransactionIsolatorNonJtaImpl.java:48)] - HHH10001501: Connection obtained from JdbcConnectionAccess [org.hibernate.engine.jdbc.env.internal.JdbcEnvironmentInitiator$ConnectionProviderJdbcConnectionAccess@48b14e4a] for (non-JTA) DDL execution was not in auto-commit mode; the Connection 'local transaction' will be committed and the Connection will be set into auto-commit mode.
26-10-2022 11:22:05.760 INFO [main] [org.hibernate.engine.transaction.jta.platform.internal.JtaPlatformInitiator.initiateService(JtaPlatformInitiator.java:52)] - HHH000490: Using JtaPlatform implementation: [org.hibernate.engine.transaction.jta.platform.internal.NoJtaPlatform]
26-10-2022 11:22:06.424 INFO [main] [org.springframework.web.servlet.FrameworkServlet.initServletBean(FrameworkServlet.java:547)] - Completed initialization in 6890 ms
26-10-2022 11:23:19.500 INFO [main] [org.springframework.web.servlet.FrameworkServlet.initServletBean(FrameworkServlet.java:525)] - Initializing Servlet 'spring'
26-10-2022 11:23:20.207 INFO [main] [org.hibernate.Version.logVersion(Version.java:44)] - HHH000412: Hibernate ORM core version 5.6.11.Final
26-10-2022 11:23:21.238 INFO [main] [org.hibernate.annotations.common.reflection.java.JavaReflectionManager.<clinit>(JavaReflectionManager.java:56)] - HCANN000001: Hibernate Commons Annotations {5.1.2.Final}
26-10-2022 11:23:22.096 WARN [main] [org.hibernate.engine.jdbc.connections.internal.DriverManagerConnectionProviderImpl.configure(DriverManagerConnectionProviderImpl.java:75)] - HHH10001002: Using Hibernate built-in connection pool (not for production use!)
26-10-2022 11:23:22.104 INFO [main] [org.hibernate.engine.jdbc.connections.internal.DriverManagerConnectionProviderImpl.buildCreator(DriverManagerConnectionProviderImpl.java:119)] - HHH10001005: using driver [com.mysql.cj.jdbc.Driver] at URL [jdbc:mysql://localhost:3306/employee_db]
26-10-2022 11:23:22.104 INFO [main] [org.hibernate.engine.jdbc.connections.internal.DriverManagerConnectionProviderImpl.buildCreator(DriverManagerConnectionProviderImpl.java:128)] - HHH10001001: Connection properties: {password=****, user=root}
26-10-2022 11:23:22.104 INFO [main] [org.hibernate.engine.jdbc.connections.internal.DriverManagerConnectionProviderImpl.buildCreator(DriverManagerConnectionProviderImpl.java:132)] - HHH10001003: Autocommit mode: false
26-10-2022 11:23:22.113 INFO [main] [org.hibernate.engine.jdbc.connections.internal.DriverManagerConnectionProviderImpl$PooledConnections.<init>(DriverManagerConnectionProviderImpl.java:322)] - HHH000115: Hibernate connection pool size: 20 (min=1)
26-10-2022 11:23:22.644 INFO [main] [org.hibernate.dialect.Dialect.<init>(Dialect.java:175)] - HHH000400: Using dialect: org.hibernate.dialect.MySQL5Dialect
26-10-2022 11:23:24.159 INFO [main] [org.hibernate.resource.transaction.backend.jdbc.internal.DdlTransactionIsolatorNonJtaImpl.getIsolatedConnection(DdlTransactionIsolatorNonJtaImpl.java:48)] - HHH10001501: Connection obtained from JdbcConnectionAccess [org.hibernate.engine.jdbc.env.internal.JdbcEnvironmentInitiator$ConnectionProviderJdbcConnectionAccess@238869e8] for (non-JTA) DDL execution was not in auto-commit mode; the Connection 'local transaction' will be committed and the Connection will be set into auto-commit mode.
26-10-2022 11:23:24.387 INFO [main] [org.hibernate.engine.transaction.jta.platform.internal.JtaPlatformInitiator.initiateService(JtaPlatformInitiator.java:52)] - HHH000490: Using JtaPlatform implementation: [org.hibernate.engine.transaction.jta.platform.internal.NoJtaPlatform]
26-10-2022 11:23:24.853 INFO [main] [org.springframework.web.servlet.FrameworkServlet.initServletBean(FrameworkServlet.java:547)] - Completed initialization in 5338 ms
26-10-2022 11:27:48.952 INFO [main] [org.springframework.web.servlet.FrameworkServlet.initServletBean(FrameworkServlet.java:525)] - Initializing Servlet 'spring'
26-10-2022 11:27:49.671 INFO [main] [org.hibernate.Version.logVersion(Version.java:44)] - HHH000412: Hibernate ORM core version 5.6.11.Final
26-10-2022 11:27:50.588 INFO [main] [org.hibernate.annotations.common.reflection.java.JavaReflectionManager.<clinit>(JavaReflectionManager.java:56)] - HCANN000001: Hibernate Commons Annotations {5.1.2.Final}
26-10-2022 11:27:51.435 WARN [main] [org.hibernate.engine.jdbc.connections.internal.DriverManagerConnectionProviderImpl.configure(DriverManagerConnectionProviderImpl.java:75)] - HHH10001002: Using Hibernate built-in connection pool (not for production use!)
26-10-2022 11:27:51.443 INFO [main] [org.hibernate.engine.jdbc.connections.internal.DriverManagerConnectionProviderImpl.buildCreator(DriverManagerConnectionProviderImpl.java:119)] - HHH10001005: using driver [com.mysql.cj.jdbc.Driver] at URL [jdbc:mysql://localhost:3306/employee_db]
26-10-2022 11:27:51.443 INFO [main] [org.hibernate.engine.jdbc.connections.internal.DriverManagerConnectionProviderImpl.buildCreator(DriverManagerConnectionProviderImpl.java:128)] - HHH10001001: Connection properties: {password=****, user=root}
26-10-2022 11:27:51.443 INFO [main] [org.hibernate.engine.jdbc.connections.internal.DriverManagerConnectionProviderImpl.buildCreator(DriverManagerConnectionProviderImpl.java:132)] - HHH10001003: Autocommit mode: false
26-10-2022 11:27:51.451 INFO [main] [org.hibernate.engine.jdbc.connections.internal.DriverManagerConnectionProviderImpl$PooledConnections.<init>(DriverManagerConnectionProviderImpl.java:322)] - HHH000115: Hibernate connection pool size: 20 (min=1)
26-10-2022 11:27:51.992 INFO [main] [org.hibernate.dialect.Dialect.<init>(Dialect.java:175)] - HHH000400: Using dialect: org.hibernate.dialect.MySQL5Dialect
26-10-2022 11:27:53.541 INFO [main] [org.hibernate.resource.transaction.backend.jdbc.internal.DdlTransactionIsolatorNonJtaImpl.getIsolatedConnection(DdlTransactionIsolatorNonJtaImpl.java:48)] - HHH10001501: Connection obtained from JdbcConnectionAccess [org.hibernate.engine.jdbc.env.internal.JdbcEnvironmentInitiator$ConnectionProviderJdbcConnectionAccess@122f58a] for (non-JTA) DDL execution was not in auto-commit mode; the Connection 'local transaction' will be committed and the Connection will be set into auto-commit mode.
26-10-2022 11:27:55.261 INFO [main] [org.hibernate.engine.transaction.jta.platform.internal.JtaPlatformInitiator.initiateService(JtaPlatformInitiator.java:52)] - HHH000490: Using JtaPlatform implementation: [org.hibernate.engine.transaction.jta.platform.internal.NoJtaPlatform]
26-10-2022 11:27:55.671 INFO [main] [org.springframework.web.servlet.FrameworkServlet.initServletBean(FrameworkServlet.java:547)] - Completed initialization in 6705 ms
26-10-2022 11:28:52.931 INFO [main] [org.springframework.web.servlet.FrameworkServlet.initServletBean(FrameworkServlet.java:525)] - Initializing Servlet 'spring'
26-10-2022 11:28:53.656 INFO [main] [org.hibernate.Version.logVersion(Version.java:44)] - HHH000412: Hibernate ORM core version 5.6.11.Final
26-10-2022 11:28:54.587 INFO [main] [org.hibernate.annotations.common.reflection.java.JavaReflectionManager.<clinit>(JavaReflectionManager.java:56)] - HCANN000001: Hibernate Commons Annotations {5.1.2.Final}
26-10-2022 11:28:55.422 WARN [main] [org.hibernate.engine.jdbc.connections.internal.DriverManagerConnectionProviderImpl.configure(DriverManagerConnectionProviderImpl.java:75)] - HHH10001002: Using Hibernate built-in connection pool (not for production use!)
26-10-2022 11:28:55.433 INFO [main] [org.hibernate.engine.jdbc.connections.internal.DriverManagerConnectionProviderImpl.buildCreator(DriverManagerConnectionProviderImpl.java:119)] - HHH10001005: using driver [com.mysql.cj.jdbc.Driver] at URL [jdbc:mysql://localhost:3306/employee_db]
26-10-2022 11:28:55.434 INFO [main] [org.hibernate.engine.jdbc.connections.internal.DriverManagerConnectionProviderImpl.buildCreator(DriverManagerConnectionProviderImpl.java:128)] - HHH10001001: Connection properties: {password=****, user=root}
26-10-2022 11:28:55.434 INFO [main] [org.hibernate.engine.jdbc.connections.internal.DriverManagerConnectionProviderImpl.buildCreator(DriverManagerConnectionProviderImpl.java:132)] - HHH10001003: Autocommit mode: false
26-10-2022 11:28:55.445 INFO [main] [org.hibernate.engine.jdbc.connections.internal.DriverManagerConnectionProviderImpl$PooledConnections.<init>(DriverManagerConnectionProviderImpl.java:322)] - HHH000115: Hibernate connection pool size: 20 (min=1)
26-10-2022 11:28:56.021 INFO [main] [org.hibernate.dialect.Dialect.<init>(Dialect.java:175)] - HHH000400: Using dialect: org.hibernate.dialect.MySQL5Dialect
26-10-2022 11:28:57.589 INFO [main] [org.hibernate.resource.transaction.backend.jdbc.internal.DdlTransactionIsolatorNonJtaImpl.getIsolatedConnection(DdlTransactionIsolatorNonJtaImpl.java:48)] - HHH10001501: Connection obtained from JdbcConnectionAccess [org.hibernate.engine.jdbc.env.internal.JdbcEnvironmentInitiator$ConnectionProviderJdbcConnectionAccess@4644f3d4] for (non-JTA) DDL execution was not in auto-commit mode; the Connection 'local transaction' will be committed and the Connection will be set into auto-commit mode.
26-10-2022 11:28:57.814 INFO [main] [org.hibernate.engine.transaction.jta.platform.internal.JtaPlatformInitiator.initiateService(JtaPlatformInitiator.java:52)] - HHH000490: Using JtaPlatform implementation: [org.hibernate.engine.transaction.jta.platform.internal.NoJtaPlatform]
26-10-2022 11:28:58.278 INFO [main] [org.springframework.web.servlet.FrameworkServlet.initServletBean(FrameworkServlet.java:547)] - Completed initialization in 5334 ms
26-10-2022 11:29:44.495 INFO [main] [org.springframework.web.servlet.FrameworkServlet.initServletBean(FrameworkServlet.java:525)] - Initializing Servlet 'spring'
26-10-2022 11:29:45.279 INFO [main] [org.hibernate.Version.logVersion(Version.java:44)] - HHH000412: Hibernate ORM core version 5.6.11.Final
26-10-2022 11:29:46.228 INFO [main] [org.hibernate.annotations.common.reflection.java.JavaReflectionManager.<clinit>(JavaReflectionManager.java:56)] - HCANN000001: Hibernate Commons Annotations {5.1.2.Final}
26-10-2022 11:29:47.095 WARN [main] [org.hibernate.engine.jdbc.connections.internal.DriverManagerConnectionProviderImpl.configure(DriverManagerConnectionProviderImpl.java:75)] - HHH10001002: Using Hibernate built-in connection pool (not for production use!)
26-10-2022 11:29:47.103 INFO [main] [org.hibernate.engine.jdbc.connections.internal.DriverManagerConnectionProviderImpl.buildCreator(DriverManagerConnectionProviderImpl.java:119)] - HHH10001005: using driver [com.mysql.cj.jdbc.Driver] at URL [jdbc:mysql://localhost:3306/employee_db]
26-10-2022 11:29:47.103 INFO [main] [org.hibernate.engine.jdbc.connections.internal.DriverManagerConnectionProviderImpl.buildCreator(DriverManagerConnectionProviderImpl.java:128)] - HHH10001001: Connection properties: {password=****, user=root}
26-10-2022 11:29:47.104 INFO [main] [org.hibernate.engine.jdbc.connections.internal.DriverManagerConnectionProviderImpl.buildCreator(DriverManagerConnectionProviderImpl.java:132)] - HHH10001003: Autocommit mode: false
26-10-2022 11:29:47.112 INFO [main] [org.hibernate.engine.jdbc.connections.internal.DriverManagerConnectionProviderImpl$PooledConnections.<init>(DriverManagerConnectionProviderImpl.java:322)] - HHH000115: Hibernate connection pool size: 20 (min=1)
26-10-2022 11:29:47.645 INFO [main] [org.hibernate.dialect.Dialect.<init>(Dialect.java:175)] - HHH000400: Using dialect: org.hibernate.dialect.MySQL5Dialect
26-10-2022 11:29:49.261 INFO [main] [org.hibernate.resource.transaction.backend.jdbc.internal.DdlTransactionIsolatorNonJtaImpl.getIsolatedConnection(DdlTransactionIsolatorNonJtaImpl.java:48)] - HHH10001501: Connection obtained from JdbcConnectionAccess [org.hibernate.engine.jdbc.env.internal.JdbcEnvironmentInitiator$ConnectionProviderJdbcConnectionAccess@36e8e3e1] for (non-JTA) DDL execution was not in auto-commit mode; the Connection 'local transaction' will be committed and the Connection will be set into auto-commit mode.
26-10-2022 11:29:49.518 INFO [main] [org.hibernate.engine.transaction.jta.platform.internal.JtaPlatformInitiator.initiateService(JtaPlatformInitiator.java:52)] - HHH000490: Using JtaPlatform implementation: [org.hibernate.engine.transaction.jta.platform.internal.NoJtaPlatform]
26-10-2022 11:29:49.963 INFO [main] [org.springframework.web.servlet.FrameworkServlet.initServletBean(FrameworkServlet.java:547)] - Completed initialization in 5454 ms
26-10-2022 11:30:46.729 INFO [main] [org.springframework.web.servlet.FrameworkServlet.initServletBean(FrameworkServlet.java:525)] - Initializing Servlet 'spring'
26-10-2022 11:30:47.484 INFO [main] [org.hibernate.Version.logVersion(Version.java:44)] - HHH000412: Hibernate ORM core version 5.6.11.Final
26-10-2022 11:30:48.410 INFO [main] [org.hibernate.annotations.common.reflection.java.JavaReflectionManager.<clinit>(JavaReflectionManager.java:56)] - HCANN000001: Hibernate Commons Annotations {5.1.2.Final}
26-10-2022 11:30:49.233 WARN [main] [org.hibernate.engine.jdbc.connections.internal.DriverManagerConnectionProviderImpl.configure(DriverManagerConnectionProviderImpl.java:75)] - HHH10001002: Using Hibernate built-in connection pool (not for production use!)
26-10-2022 11:30:49.241 INFO [main] [org.hibernate.engine.jdbc.connections.internal.DriverManagerConnectionProviderImpl.buildCreator(DriverManagerConnectionProviderImpl.java:119)] - HHH10001005: using driver [com.mysql.cj.jdbc.Driver] at URL [jdbc:mysql://localhost:3306/employee_db]
26-10-2022 11:30:49.241 INFO [main] [org.hibernate.engine.jdbc.connections.internal.DriverManagerConnectionProviderImpl.buildCreator(DriverManagerConnectionProviderImpl.java:128)] - HHH10001001: Connection properties: {password=****, user=root}
26-10-2022 11:30:49.241 INFO [main] [org.hibernate.engine.jdbc.connections.internal.DriverManagerConnectionProviderImpl.buildCreator(DriverManagerConnectionProviderImpl.java:132)] - HHH10001003: Autocommit mode: false
26-10-2022 11:30:49.250 INFO [main] [org.hibernate.engine.jdbc.connections.internal.DriverManagerConnectionProviderImpl$PooledConnections.<init>(DriverManagerConnectionProviderImpl.java:322)] - HHH000115: Hibernate connection pool size: 20 (min=1)
26-10-2022 11:30:49.802 INFO [main] [org.hibernate.dialect.Dialect.<init>(Dialect.java:175)] - HHH000400: Using dialect: org.hibernate.dialect.MySQL5Dialect
26-10-2022 11:30:51.393 INFO [main] [org.hibernate.resource.transaction.backend.jdbc.internal.DdlTransactionIsolatorNonJtaImpl.getIsolatedConnection(DdlTransactionIsolatorNonJtaImpl.java:48)] - HHH10001501: Connection obtained from JdbcConnectionAccess [org.hibernate.engine.jdbc.env.internal.JdbcEnvironmentInitiator$ConnectionProviderJdbcConnectionAccess@122f58a] for (non-JTA) DDL execution was not in auto-commit mode; the Connection 'local transaction' will be committed and the Connection will be set into auto-commit mode.
26-10-2022 11:30:51.615 INFO [main] [org.hibernate.engine.transaction.jta.platform.internal.JtaPlatformInitiator.initiateService(JtaPlatformInitiator.java:52)] - HHH000490: Using JtaPlatform implementation: [org.hibernate.engine.transaction.jta.platform.internal.NoJtaPlatform]
26-10-2022 11:30:52.061 INFO [main] [org.springframework.web.servlet.FrameworkServlet.initServletBean(FrameworkServlet.java:547)] - Completed initialization in 5318 ms
26-10-2022 11:33:04.757 INFO [main] [org.springframework.web.servlet.FrameworkServlet.initServletBean(FrameworkServlet.java:525)] - Initializing Servlet 'spring'
26-10-2022 11:33:05.484 INFO [main] [org.hibernate.Version.logVersion(Version.java:44)] - HHH000412: Hibernate ORM core version 5.6.11.Final
26-10-2022 11:33:06.421 INFO [main] [org.hibernate.annotations.common.reflection.java.JavaReflectionManager.<clinit>(JavaReflectionManager.java:56)] - HCANN000001: Hibernate Commons Annotations {5.1.2.Final}
26-10-2022 11:33:07.258 WARN [main] [org.hibernate.engine.jdbc.connections.internal.DriverManagerConnectionProviderImpl.configure(DriverManagerConnectionProviderImpl.java:75)] - HHH10001002: Using Hibernate built-in connection pool (not for production use!)
26-10-2022 11:33:07.265 INFO [main] [org.hibernate.engine.jdbc.connections.internal.DriverManagerConnectionProviderImpl.buildCreator(DriverManagerConnectionProviderImpl.java:119)] - HHH10001005: using driver [com.mysql.cj.jdbc.Driver] at URL [jdbc:mysql://localhost:3306/employee_db]
26-10-2022 11:33:07.266 INFO [main] [org.hibernate.engine.jdbc.connections.internal.DriverManagerConnectionProviderImpl.buildCreator(DriverManagerConnectionProviderImpl.java:128)] - HHH10001001: Connection properties: {password=****, user=root}
26-10-2022 11:33:07.266 INFO [main] [org.hibernate.engine.jdbc.connections.internal.DriverManagerConnectionProviderImpl.buildCreator(DriverManagerConnectionProviderImpl.java:132)] - HHH10001003: Autocommit mode: false
26-10-2022 11:33:07.273 INFO [main] [org.hibernate.engine.jdbc.connections.internal.DriverManagerConnectionProviderImpl$PooledConnections.<init>(DriverManagerConnectionProviderImpl.java:322)] - HHH000115: Hibernate connection pool size: 20 (min=1)
26-10-2022 11:33:07.794 INFO [main] [org.hibernate.dialect.Dialect.<init>(Dialect.java:175)] - HHH000400: Using dialect: org.hibernate.dialect.MySQL5Dialect
26-10-2022 11:33:09.427 INFO [main] [org.hibernate.resource.transaction.backend.jdbc.internal.DdlTransactionIsolatorNonJtaImpl.getIsolatedConnection(DdlTransactionIsolatorNonJtaImpl.java:48)] - HHH10001501: Connection obtained from JdbcConnectionAccess [org.hibernate.engine.jdbc.env.internal.JdbcEnvironmentInitiator$ConnectionProviderJdbcConnectionAccess@3b8adbda] for (non-JTA) DDL execution was not in auto-commit mode; the Connection 'local transaction' will be committed and the Connection will be set into auto-commit mode.
26-10-2022 11:33:09.675 INFO [main] [org.hibernate.engine.transaction.jta.platform.internal.JtaPlatformInitiator.initiateService(JtaPlatformInitiator.java:52)] - HHH000490: Using JtaPlatform implementation: [org.hibernate.engine.transaction.jta.platform.internal.NoJtaPlatform]
26-10-2022 11:33:10.157 INFO [main] [org.springframework.web.servlet.FrameworkServlet.initServletBean(FrameworkServlet.java:547)] - Completed initialization in 5388 ms
26-10-2022 11:37:42.441 INFO [main] [org.springframework.web.servlet.FrameworkServlet.initServletBean(FrameworkServlet.java:525)] - Initializing Servlet 'spring'
26-10-2022 11:37:43.182 INFO [main] [org.hibernate.Version.logVersion(Version.java:44)] - HHH000412: Hibernate ORM core version 5.6.11.Final
26-10-2022 11:37:44.091 INFO [main] [org.hibernate.annotations.common.reflection.java.JavaReflectionManager.<clinit>(JavaReflectionManager.java:56)] - HCANN000001: Hibernate Commons Annotations {5.1.2.Final}
26-10-2022 11:37:44.977 WARN [main] [org.hibernate.engine.jdbc.connections.internal.DriverManagerConnectionProviderImpl.configure(DriverManagerConnectionProviderImpl.java:75)] - HHH10001002: Using Hibernate built-in connection pool (not for production use!)
26-10-2022 11:37:44.990 INFO [main] [org.hibernate.engine.jdbc.connections.internal.DriverManagerConnectionProviderImpl.buildCreator(DriverManagerConnectionProviderImpl.java:119)] - HHH10001005: using driver [com.mysql.cj.jdbc.Driver] at URL [jdbc:mysql://localhost:3306/employee_db]
26-10-2022 11:37:44.991 INFO [main] [org.hibernate.engine.jdbc.connections.internal.DriverManagerConnectionProviderImpl.buildCreator(DriverManagerConnectionProviderImpl.java:128)] - HHH10001001: Connection properties: {password=****, user=root}
26-10-2022 11:37:44.991 INFO [main] [org.hibernate.engine.jdbc.connections.internal.DriverManagerConnectionProviderImpl.buildCreator(DriverManagerConnectionProviderImpl.java:132)] - HHH10001003: Autocommit mode: false
26-10-2022 11:37:45.000 INFO [main] [org.hibernate.engine.jdbc.connections.internal.DriverManagerConnectionProviderImpl$PooledConnections.<init>(DriverManagerConnectionProviderImpl.java:322)] - HHH000115: Hibernate connection pool size: 20 (min=1)
26-10-2022 11:37:45.648 INFO [main] [org.hibernate.dialect.Dialect.<init>(Dialect.java:175)] - HHH000400: Using dialect: org.hibernate.dialect.MySQL5Dialect
26-10-2022 11:37:47.318 INFO [main] [org.hibernate.resource.transaction.backend.jdbc.internal.DdlTransactionIsolatorNonJtaImpl.getIsolatedConnection(DdlTransactionIsolatorNonJtaImpl.java:48)] - HHH10001501: Connection obtained from JdbcConnectionAccess [org.hibernate.engine.jdbc.env.internal.JdbcEnvironmentInitiator$ConnectionProviderJdbcConnectionAccess@626e3b18] for (non-JTA) DDL execution was not in auto-commit mode; the Connection 'local transaction' will be committed and the Connection will be set into auto-commit mode.
26-10-2022 11:37:47.580 INFO [main] [org.hibernate.engine.transaction.jta.platform.internal.JtaPlatformInitiator.initiateService(JtaPlatformInitiator.java:52)] - HHH000490: Using JtaPlatform implementation: [org.hibernate.engine.transaction.jta.platform.internal.NoJtaPlatform]
26-10-2022 11:37:48.008 INFO [main] [org.springframework.web.servlet.FrameworkServlet.initServletBean(FrameworkServlet.java:547)] - Completed initialization in 5554 ms
26-10-2022 11:38:26.799 WARN [http-nio-8080-exec-4] [org.springframework.web.servlet.DispatcherServlet.noHandlerFound(DispatcherServlet.java:1282)] - No mapping for GET /EmployeeSpring/getTraineeById&id=36
26-10-2022 11:41:27.069 INFO [main] [org.springframework.web.servlet.FrameworkServlet.initServletBean(FrameworkServlet.java:525)] - Initializing Servlet 'spring'
26-10-2022 11:41:27.937 INFO [main] [org.hibernate.Version.logVersion(Version.java:44)] - HHH000412: Hibernate ORM core version 5.6.11.Final
26-10-2022 11:41:30.073 INFO [main] [org.hibernate.annotations.common.reflection.java.JavaReflectionManager.<clinit>(JavaReflectionManager.java:56)] - HCANN000001: Hibernate Commons Annotations {5.1.2.Final}
26-10-2022 11:41:31.369 WARN [main] [org.hibernate.engine.jdbc.connections.internal.DriverManagerConnectionProviderImpl.configure(DriverManagerConnectionProviderImpl.java:75)] - HHH10001002: Using Hibernate built-in connection pool (not for production use!)
26-10-2022 11:41:31.377 INFO [main] [org.hibernate.engine.jdbc.connections.internal.DriverManagerConnectionProviderImpl.buildCreator(DriverManagerConnectionProviderImpl.java:119)] - HHH10001005: using driver [com.mysql.cj.jdbc.Driver] at URL [jdbc:mysql://localhost:3306/employee_db]
26-10-2022 11:41:31.378 INFO [main] [org.hibernate.engine.jdbc.connections.internal.DriverManagerConnectionProviderImpl.buildCreator(DriverManagerConnectionProviderImpl.java:128)] - HHH10001001: Connection properties: {password=****, user=root}
26-10-2022 11:41:31.378 INFO [main] [org.hibernate.engine.jdbc.connections.internal.DriverManagerConnectionProviderImpl.buildCreator(DriverManagerConnectionProviderImpl.java:132)] - HHH10001003: Autocommit mode: false
26-10-2022 11:41:31.387 INFO [main] [org.hibernate.engine.jdbc.connections.internal.DriverManagerConnectionProviderImpl$PooledConnections.<init>(DriverManagerConnectionProviderImpl.java:322)] - HHH000115: Hibernate connection pool size: 20 (min=1)
26-10-2022 11:41:32.170 INFO [main] [org.hibernate.dialect.Dialect.<init>(Dialect.java:175)] - HHH000400: Using dialect: org.hibernate.dialect.MySQL5Dialect
26-10-2022 11:41:33.956 INFO [main] [org.hibernate.resource.transaction.backend.jdbc.internal.DdlTransactionIsolatorNonJtaImpl.getIsolatedConnection(DdlTransactionIsolatorNonJtaImpl.java:48)] - HHH10001501: Connection obtained from JdbcConnectionAccess [org.hibernate.engine.jdbc.env.internal.JdbcEnvironmentInitiator$ConnectionProviderJdbcConnectionAccess@2db618e3] for (non-JTA) DDL execution was not in auto-commit mode; the Connection 'local transaction' will be committed and the Connection will be set into auto-commit mode.
26-10-2022 11:41:34.210 INFO [main] [org.hibernate.engine.transaction.jta.platform.internal.JtaPlatformInitiator.initiateService(JtaPlatformInitiator.java:52)] - HHH000490: Using JtaPlatform implementation: [org.hibernate.engine.transaction.jta.platform.internal.NoJtaPlatform]
26-10-2022 11:41:34.652 INFO [main] [org.springframework.web.servlet.FrameworkServlet.initServletBean(FrameworkServlet.java:547)] - Completed initialization in 7568 ms
26-10-2022 11:42:01.340 WARN [http-nio-8080-exec-4] [org.springframework.web.servlet.DispatcherServlet.noHandlerFound(DispatcherServlet.java:1282)] - No mapping for GET /EmployeeSpring/getTraineeById&id=36
26-10-2022 11:45:00.914 WARN [http-nio-8080-exec-9] [org.springframework.web.servlet.DispatcherServlet.noHandlerFound(DispatcherServlet.java:1282)] - No mapping for GET /EmployeeSpring/getTraineeById&id=36
26-10-2022 11:46:03.210 INFO [main] [org.springframework.web.servlet.FrameworkServlet.initServletBean(FrameworkServlet.java:525)] - Initializing Servlet 'spring'
26-10-2022 11:46:03.961 INFO [main] [org.hibernate.Version.logVersion(Version.java:44)] - HHH000412: Hibernate ORM core version 5.6.11.Final
26-10-2022 11:46:04.916 INFO [main] [org.hibernate.annotations.common.reflection.java.JavaReflectionManager.<clinit>(JavaReflectionManager.java:56)] - HCANN000001: Hibernate Commons Annotations {5.1.2.Final}
26-10-2022 11:46:07.105 WARN [main] [org.hibernate.engine.jdbc.connections.internal.DriverManagerConnectionProviderImpl.configure(DriverManagerConnectionProviderImpl.java:75)] - HHH10001002: Using Hibernate built-in connection pool (not for production use!)
26-10-2022 11:46:07.120 INFO [main] [org.hibernate.engine.jdbc.connections.internal.DriverManagerConnectionProviderImpl.buildCreator(DriverManagerConnectionProviderImpl.java:119)] - HHH10001005: using driver [com.mysql.cj.jdbc.Driver] at URL [jdbc:mysql://localhost:3306/employee_db]
26-10-2022 11:46:07.121 INFO [main] [org.hibernate.engine.jdbc.connections.internal.DriverManagerConnectionProviderImpl.buildCreator(DriverManagerConnectionProviderImpl.java:128)] - HHH10001001: Connection properties: {password=****, user=root}
26-10-2022 11:46:07.121 INFO [main] [org.hibernate.engine.jdbc.connections.internal.DriverManagerConnectionProviderImpl.buildCreator(DriverManagerConnectionProviderImpl.java:132)] - HHH10001003: Autocommit mode: false
26-10-2022 11:46:07.141 INFO [main] [org.hibernate.engine.jdbc.connections.internal.DriverManagerConnectionProviderImpl$PooledConnections.<init>(DriverManagerConnectionProviderImpl.java:322)] - HHH000115: Hibernate connection pool size: 20 (min=1)
26-10-2022 11:46:08.100 INFO [main] [org.hibernate.dialect.Dialect.<init>(Dialect.java:175)] - HHH000400: Using dialect: org.hibernate.dialect.MySQL5Dialect
26-10-2022 11:46:09.889 INFO [main] [org.hibernate.resource.transaction.backend.jdbc.internal.DdlTransactionIsolatorNonJtaImpl.getIsolatedConnection(DdlTransactionIsolatorNonJtaImpl.java:48)] - HHH10001501: Connection obtained from JdbcConnectionAccess [org.hibernate.engine.jdbc.env.internal.JdbcEnvironmentInitiator$ConnectionProviderJdbcConnectionAccess@27cd156a] for (non-JTA) DDL execution was not in auto-commit mode; the Connection 'local transaction' will be committed and the Connection will be set into auto-commit mode.
26-10-2022 11:46:10.192 INFO [main] [org.hibernate.engine.transaction.jta.platform.internal.JtaPlatformInitiator.initiateService(JtaPlatformInitiator.java:52)] - HHH000490: Using JtaPlatform implementation: [org.hibernate.engine.transaction.jta.platform.internal.NoJtaPlatform]
26-10-2022 11:46:10.719 INFO [main] [org.springframework.web.servlet.FrameworkServlet.initServletBean(FrameworkServlet.java:547)] - Completed initialization in 7496 ms
26-10-2022 11:46:59.396 INFO [main] [org.springframework.web.servlet.FrameworkServlet.initServletBean(FrameworkServlet.java:525)] - Initializing Servlet 'spring'
26-10-2022 11:47:00.186 INFO [main] [org.hibernate.Version.logVersion(Version.java:44)] - HHH000412: Hibernate ORM core version 5.6.11.Final
26-10-2022 11:47:01.153 INFO [main] [org.hibernate.annotations.common.reflection.java.JavaReflectionManager.<clinit>(JavaReflectionManager.java:56)] - HCANN000001: Hibernate Commons Annotations {5.1.2.Final}
26-10-2022 11:47:02.041 WARN [main] [org.hibernate.engine.jdbc.connections.internal.DriverManagerConnectionProviderImpl.configure(DriverManagerConnectionProviderImpl.java:75)] - HHH10001002: Using Hibernate built-in connection pool (not for production use!)
26-10-2022 11:47:02.049 INFO [main] [org.hibernate.engine.jdbc.connections.internal.DriverManagerConnectionProviderImpl.buildCreator(DriverManagerConnectionProviderImpl.java:119)] - HHH10001005: using driver [com.mysql.cj.jdbc.Driver] at URL [jdbc:mysql://localhost:3306/employee_db]
26-10-2022 11:47:02.049 INFO [main] [org.hibernate.engine.jdbc.connections.internal.DriverManagerConnectionProviderImpl.buildCreator(DriverManagerConnectionProviderImpl.java:128)] - HHH10001001: Connection properties: {password=****, user=root}
26-10-2022 11:47:02.050 INFO [main] [org.hibernate.engine.jdbc.connections.internal.DriverManagerConnectionProviderImpl.buildCreator(DriverManagerConnectionProviderImpl.java:132)] - HHH10001003: Autocommit mode: false
26-10-2022 11:47:02.059 INFO [main] [org.hibernate.engine.jdbc.connections.internal.DriverManagerConnectionProviderImpl$PooledConnections.<init>(DriverManagerConnectionProviderImpl.java:322)] - HHH000115: Hibernate connection pool size: 20 (min=1)
26-10-2022 11:47:02.599 INFO [main] [org.hibernate.dialect.Dialect.<init>(Dialect.java:175)] - HHH000400: Using dialect: org.hibernate.dialect.MySQL5Dialect
26-10-2022 11:47:04.174 INFO [main] [org.hibernate.resource.transaction.backend.jdbc.internal.DdlTransactionIsolatorNonJtaImpl.getIsolatedConnection(DdlTransactionIsolatorNonJtaImpl.java:48)] - HHH10001501: Connection obtained from JdbcConnectionAccess [org.hibernate.engine.jdbc.env.internal.JdbcEnvironmentInitiator$ConnectionProviderJdbcConnectionAccess@4af44e42] for (non-JTA) DDL execution was not in auto-commit mode; the Connection 'local transaction' will be committed and the Connection will be set into auto-commit mode.
26-10-2022 11:47:04.440 INFO [main] [org.hibernate.engine.transaction.jta.platform.internal.JtaPlatformInitiator.initiateService(JtaPlatformInitiator.java:52)] - HHH000490: Using JtaPlatform implementation: [org.hibernate.engine.transaction.jta.platform.internal.NoJtaPlatform]
26-10-2022 11:47:04.909 INFO [main] [org.springframework.web.servlet.FrameworkServlet.initServletBean(FrameworkServlet.java:547)] - Completed initialization in 5493 ms
26-10-2022 11:49:39.184 INFO [main] [org.springframework.web.servlet.FrameworkServlet.initServletBean(FrameworkServlet.java:525)] - Initializing Servlet 'spring'
26-10-2022 11:49:39.964 INFO [main] [org.hibernate.Version.logVersion(Version.java:44)] - HHH000412: Hibernate ORM core version 5.6.11.Final
26-10-2022 11:49:40.896 INFO [main] [org.hibernate.annotations.common.reflection.java.JavaReflectionManager.<clinit>(JavaReflectionManager.java:56)] - HCANN000001: Hibernate Commons Annotations {5.1.2.Final}
26-10-2022 11:49:41.747 WARN [main] [org.hibernate.engine.jdbc.connections.internal.DriverManagerConnectionProviderImpl.configure(DriverManagerConnectionProviderImpl.java:75)] - HHH10001002: Using Hibernate built-in connection pool (not for production use!)
26-10-2022 11:49:41.755 INFO [main] [org.hibernate.engine.jdbc.connections.internal.DriverManagerConnectionProviderImpl.buildCreator(DriverManagerConnectionProviderImpl.java:119)] - HHH10001005: using driver [com.mysql.cj.jdbc.Driver] at URL [jdbc:mysql://localhost:3306/employee_db]
26-10-2022 11:49:41.756 INFO [main] [org.hibernate.engine.jdbc.connections.internal.DriverManagerConnectionProviderImpl.buildCreator(DriverManagerConnectionProviderImpl.java:128)] - HHH10001001: Connection properties: {password=****, user=root}
26-10-2022 11:49:41.756 INFO [main] [org.hibernate.engine.jdbc.connections.internal.DriverManagerConnectionProviderImpl.buildCreator(DriverManagerConnectionProviderImpl.java:132)] - HHH10001003: Autocommit mode: false
26-10-2022 11:49:41.765 INFO [main] [org.hibernate.engine.jdbc.connections.internal.DriverManagerConnectionProviderImpl$PooledConnections.<init>(DriverManagerConnectionProviderImpl.java:322)] - HHH000115: Hibernate connection pool size: 20 (min=1)
26-10-2022 11:49:42.372 INFO [main] [org.hibernate.dialect.Dialect.<init>(Dialect.java:175)] - HHH000400: Using dialect: org.hibernate.dialect.MySQL5Dialect
26-10-2022 11:49:44.347 INFO [main] [org.hibernate.resource.transaction.backend.jdbc.internal.DdlTransactionIsolatorNonJtaImpl.getIsolatedConnection(DdlTransactionIsolatorNonJtaImpl.java:48)] - HHH10001501: Connection obtained from JdbcConnectionAccess [org.hibernate.engine.jdbc.env.internal.JdbcEnvironmentInitiator$ConnectionProviderJdbcConnectionAccess@66be0ea] for (non-JTA) DDL execution was not in auto-commit mode; the Connection 'local transaction' will be committed and the Connection will be set into auto-commit mode.
26-10-2022 11:49:44.611 INFO [main] [org.hibernate.engine.transaction.jta.platform.internal.JtaPlatformInitiator.initiateService(JtaPlatformInitiator.java:52)] - HHH000490: Using JtaPlatform implementation: [org.hibernate.engine.transaction.jta.platform.internal.NoJtaPlatform]
26-10-2022 11:49:45.045 INFO [main] [org.springframework.web.servlet.FrameworkServlet.initServletBean(FrameworkServlet.java:547)] - Completed initialization in 5848 ms
26-10-2022 11:51:48.529 INFO [main] [org.springframework.web.servlet.FrameworkServlet.initServletBean(FrameworkServlet.java:525)] - Initializing Servlet 'spring'
26-10-2022 11:51:49.274 INFO [main] [org.hibernate.Version.logVersion(Version.java:44)] - HHH000412: Hibernate ORM core version 5.6.11.Final
26-10-2022 11:51:50.205 INFO [main] [org.hibernate.annotations.common.reflection.java.JavaReflectionManager.<clinit>(JavaReflectionManager.java:56)] - HCANN000001: Hibernate Commons Annotations {5.1.2.Final}
26-10-2022 11:51:51.122 WARN [main] [org.hibernate.engine.jdbc.connections.internal.DriverManagerConnectionProviderImpl.configure(DriverManagerConnectionProviderImpl.java:75)] - HHH10001002: Using Hibernate built-in connection pool (not for production use!)
26-10-2022 11:51:51.131 INFO [main] [org.hibernate.engine.jdbc.connections.internal.DriverManagerConnectionProviderImpl.buildCreator(DriverManagerConnectionProviderImpl.java:119)] - HHH10001005: using driver [com.mysql.cj.jdbc.Driver] at URL [jdbc:mysql://localhost:3306/employee_db]
26-10-2022 11:51:51.131 INFO [main] [org.hibernate.engine.jdbc.connections.internal.DriverManagerConnectionProviderImpl.buildCreator(DriverManagerConnectionProviderImpl.java:128)] - HHH10001001: Connection properties: {password=****, user=root}
26-10-2022 11:51:51.132 INFO [main] [org.hibernate.engine.jdbc.connections.internal.DriverManagerConnectionProviderImpl.buildCreator(DriverManagerConnectionProviderImpl.java:132)] - HHH10001003: Autocommit mode: false
26-10-2022 11:51:51.142 INFO [main] [org.hibernate.engine.jdbc.connections.internal.DriverManagerConnectionProviderImpl$PooledConnections.<init>(DriverManagerConnectionProviderImpl.java:322)] - HHH000115: Hibernate connection pool size: 20 (min=1)
26-10-2022 11:51:51.773 INFO [main] [org.hibernate.dialect.Dialect.<init>(Dialect.java:175)] - HHH000400: Using dialect: org.hibernate.dialect.MySQL5Dialect
26-10-2022 11:51:53.317 INFO [main] [org.hibernate.resource.transaction.backend.jdbc.internal.DdlTransactionIsolatorNonJtaImpl.getIsolatedConnection(DdlTransactionIsolatorNonJtaImpl.java:48)] - HHH10001501: Connection obtained from JdbcConnectionAccess [org.hibernate.engine.jdbc.env.internal.JdbcEnvironmentInitiator$ConnectionProviderJdbcConnectionAccess@38ce90b4] for (non-JTA) DDL execution was not in auto-commit mode; the Connection 'local transaction' will be committed and the Connection will be set into auto-commit mode.
26-10-2022 11:51:53.552 INFO [main] [org.hibernate.engine.transaction.jta.platform.internal.JtaPlatformInitiator.initiateService(JtaPlatformInitiator.java:52)] - HHH000490: Using JtaPlatform implementation: [org.hibernate.engine.transaction.jta.platform.internal.NoJtaPlatform]
26-10-2022 11:51:53.992 INFO [main] [org.springframework.web.servlet.FrameworkServlet.initServletBean(FrameworkServlet.java:547)] - Completed initialization in 5447 ms
26-10-2022 11:53:47.022 INFO [main] [org.springframework.web.servlet.FrameworkServlet.initServletBean(FrameworkServlet.java:525)] - Initializing Servlet 'spring'
26-10-2022 11:53:47.791 INFO [main] [org.hibernate.Version.logVersion(Version.java:44)] - HHH000412: Hibernate ORM core version 5.6.11.Final
26-10-2022 11:53:48.711 INFO [main] [org.hibernate.annotations.common.reflection.java.JavaReflectionManager.<clinit>(JavaReflectionManager.java:56)] - HCANN000001: Hibernate Commons Annotations {5.1.2.Final}
26-10-2022 11:53:49.574 WARN [main] [org.hibernate.engine.jdbc.connections.internal.DriverManagerConnectionProviderImpl.configure(DriverManagerConnectionProviderImpl.java:75)] - HHH10001002: Using Hibernate built-in connection pool (not for production use!)
26-10-2022 11:53:49.582 INFO [main] [org.hibernate.engine.jdbc.connections.internal.DriverManagerConnectionProviderImpl.buildCreator(DriverManagerConnectionProviderImpl.java:119)] - HHH10001005: using driver [com.mysql.cj.jdbc.Driver] at URL [jdbc:mysql://localhost:3306/employee_db]
26-10-2022 11:53:49.582 INFO [main] [org.hibernate.engine.jdbc.connections.internal.DriverManagerConnectionProviderImpl.buildCreator(DriverManagerConnectionProviderImpl.java:128)] - HHH10001001: Connection properties: {password=****, user=root}
26-10-2022 11:53:49.582 INFO [main] [org.hibernate.engine.jdbc.connections.internal.DriverManagerConnectionProviderImpl.buildCreator(DriverManagerConnectionProviderImpl.java:132)] - HHH10001003: Autocommit mode: false
26-10-2022 11:53:49.590 INFO [main] [org.hibernate.engine.jdbc.connections.internal.DriverManagerConnectionProviderImpl$PooledConnections.<init>(DriverManagerConnectionProviderImpl.java:322)] - HHH000115: Hibernate connection pool size: 20 (min=1)
26-10-2022 11:53:50.120 INFO [main] [org.hibernate.dialect.Dialect.<init>(Dialect.java:175)] - HHH000400: Using dialect: org.hibernate.dialect.MySQL5Dialect
26-10-2022 11:53:51.643 INFO [main] [org.hibernate.resource.transaction.backend.jdbc.internal.DdlTransactionIsolatorNonJtaImpl.getIsolatedConnection(DdlTransactionIsolatorNonJtaImpl.java:48)] - HHH10001501: Connection obtained from JdbcConnectionAccess [org.hibernate.engine.jdbc.env.internal.JdbcEnvironmentInitiator$ConnectionProviderJdbcConnectionAccess@27cd156a] for (non-JTA) DDL execution was not in auto-commit mode; the Connection 'local transaction' will be committed and the Connection will be set into auto-commit mode.
26-10-2022 11:53:51.880 INFO [main] [org.hibernate.engine.transaction.jta.platform.internal.JtaPlatformInitiator.initiateService(JtaPlatformInitiator.java:52)] - HHH000490: Using JtaPlatform implementation: [org.hibernate.engine.transaction.jta.platform.internal.NoJtaPlatform]
26-10-2022 11:53:52.317 INFO [main] [org.springframework.web.servlet.FrameworkServlet.initServletBean(FrameworkServlet.java:547)] - Completed initialization in 5277 ms
26-10-2022 11:54:47.367 INFO [main] [org.springframework.web.servlet.FrameworkServlet.initServletBean(FrameworkServlet.java:525)] - Initializing Servlet 'spring'
26-10-2022 11:54:48.121 INFO [main] [org.hibernate.Version.logVersion(Version.java:44)] - HHH000412: Hibernate ORM core version 5.6.11.Final
26-10-2022 11:54:49.037 INFO [main] [org.hibernate.annotations.common.reflection.java.JavaReflectionManager.<clinit>(JavaReflectionManager.java:56)] - HCANN000001: Hibernate Commons Annotations {5.1.2.Final}
26-10-2022 11:54:49.838 WARN [main] [org.hibernate.engine.jdbc.connections.internal.DriverManagerConnectionProviderImpl.configure(DriverManagerConnectionProviderImpl.java:75)] - HHH10001002: Using Hibernate built-in connection pool (not for production use!)
26-10-2022 11:54:49.846 INFO [main] [org.hibernate.engine.jdbc.connections.internal.DriverManagerConnectionProviderImpl.buildCreator(DriverManagerConnectionProviderImpl.java:119)] - HHH10001005: using driver [com.mysql.cj.jdbc.Driver] at URL [jdbc:mysql://localhost:3306/employee_db]
26-10-2022 11:54:49.846 INFO [main] [org.hibernate.engine.jdbc.connections.internal.DriverManagerConnectionProviderImpl.buildCreator(DriverManagerConnectionProviderImpl.java:128)] - HHH10001001: Connection properties: {password=****, user=root}
26-10-2022 11:54:49.846 INFO [main] [org.hibernate.engine.jdbc.connections.internal.DriverManagerConnectionProviderImpl.buildCreator(DriverManagerConnectionProviderImpl.java:132)] - HHH10001003: Autocommit mode: false
26-10-2022 11:54:49.854 INFO [main] [org.hibernate.engine.jdbc.connections.internal.DriverManagerConnectionProviderImpl$PooledConnections.<init>(DriverManagerConnectionProviderImpl.java:322)] - HHH000115: Hibernate connection pool size: 20 (min=1)
26-10-2022 11:54:50.401 INFO [main] [org.hibernate.dialect.Dialect.<init>(Dialect.java:175)] - HHH000400: Using dialect: org.hibernate.dialect.MySQL5Dialect
26-10-2022 11:54:51.995 INFO [main] [org.hibernate.resource.transaction.backend.jdbc.internal.DdlTransactionIsolatorNonJtaImpl.getIsolatedConnection(DdlTransactionIsolatorNonJtaImpl.java:48)] - HHH10001501: Connection obtained from JdbcConnectionAccess [org.hibernate.engine.jdbc.env.internal.JdbcEnvironmentInitiator$ConnectionProviderJdbcConnectionAccess@4644f3d4] for (non-JTA) DDL execution was not in auto-commit mode; the Connection 'local transaction' will be committed and the Connection will be set into auto-commit mode.
26-10-2022 11:54:52.237 INFO [main] [org.hibernate.engine.transaction.jta.platform.internal.JtaPlatformInitiator.initiateService(JtaPlatformInitiator.java:52)] - HHH000490: Using JtaPlatform implementation: [org.hibernate.engine.transaction.jta.platform.internal.NoJtaPlatform]
26-10-2022 11:54:52.703 INFO [main] [org.springframework.web.servlet.FrameworkServlet.initServletBean(FrameworkServlet.java:547)] - Completed initialization in 5318 ms
26-10-2022 12:18:25.479 INFO [main] [org.springframework.web.servlet.FrameworkServlet.initServletBean(FrameworkServlet.java:525)] - Initializing Servlet 'spring'
26-10-2022 12:18:26.234 INFO [main] [org.hibernate.Version.logVersion(Version.java:44)] - HHH000412: Hibernate ORM core version 5.6.11.Final
26-10-2022 12:18:27.154 INFO [main] [org.hibernate.annotations.common.reflection.java.JavaReflectionManager.<clinit>(JavaReflectionManager.java:56)] - HCANN000001: Hibernate Commons Annotations {5.1.2.Final}
26-10-2022 12:18:28.045 WARN [main] [org.hibernate.engine.jdbc.connections.internal.DriverManagerConnectionProviderImpl.configure(DriverManagerConnectionProviderImpl.java:75)] - HHH10001002: Using Hibernate built-in connection pool (not for production use!)
26-10-2022 12:18:28.053 INFO [main] [org.hibernate.engine.jdbc.connections.internal.DriverManagerConnectionProviderImpl.buildCreator(DriverManagerConnectionProviderImpl.java:119)] - HHH10001005: using driver [com.mysql.cj.jdbc.Driver] at URL [jdbc:mysql://localhost:3306/employee_db]
26-10-2022 12:18:28.054 INFO [main] [org.hibernate.engine.jdbc.connections.internal.DriverManagerConnectionProviderImpl.buildCreator(DriverManagerConnectionProviderImpl.java:128)] - HHH10001001: Connection properties: {password=****, user=root}
26-10-2022 12:18:28.054 INFO [main] [org.hibernate.engine.jdbc.connections.internal.DriverManagerConnectionProviderImpl.buildCreator(DriverManagerConnectionProviderImpl.java:132)] - HHH10001003: Autocommit mode: false
26-10-2022 12:18:28.064 INFO [main] [org.hibernate.engine.jdbc.connections.internal.DriverManagerConnectionProviderImpl$PooledConnections.<init>(DriverManagerConnectionProviderImpl.java:322)] - HHH000115: Hibernate connection pool size: 20 (min=1)
26-10-2022 12:18:28.633 INFO [main] [org.hibernate.dialect.Dialect.<init>(Dialect.java:175)] - HHH000400: Using dialect: org.hibernate.dialect.MySQL5Dialect
26-10-2022 12:18:30.136 INFO [main] [org.hibernate.resource.transaction.backend.jdbc.internal.DdlTransactionIsolatorNonJtaImpl.getIsolatedConnection(DdlTransactionIsolatorNonJtaImpl.java:48)] - HHH10001501: Connection obtained from JdbcConnectionAccess [org.hibernate.engine.jdbc.env.internal.JdbcEnvironmentInitiator$ConnectionProviderJdbcConnectionAccess@5415ed48] for (non-JTA) DDL execution was not in auto-commit mode; the Connection 'local transaction' will be committed and the Connection will be set into auto-commit mode.
26-10-2022 12:18:30.386 INFO [main] [org.hibernate.engine.transaction.jta.platform.internal.JtaPlatformInitiator.initiateService(JtaPlatformInitiator.java:52)] - HHH000490: Using JtaPlatform implementation: [org.hibernate.engine.transaction.jta.platform.internal.NoJtaPlatform]
26-10-2022 12:18:30.813 INFO [main] [org.springframework.web.servlet.FrameworkServlet.initServletBean(FrameworkServlet.java:547)] - Completed initialization in 5315 ms
26-10-2022 12:32:41.329 INFO [main] [org.springframework.web.servlet.FrameworkServlet.initServletBean(FrameworkServlet.java:525)] - Initializing Servlet 'spring'
26-10-2022 12:32:42.092 INFO [main] [org.hibernate.Version.logVersion(Version.java:44)] - HHH000412: Hibernate ORM core version 5.6.11.Final
26-10-2022 12:32:43.010 INFO [main] [org.hibernate.annotations.common.reflection.java.JavaReflectionManager.<clinit>(JavaReflectionManager.java:56)] - HCANN000001: Hibernate Commons Annotations {5.1.2.Final}
26-10-2022 12:32:43.854 WARN [main] [org.hibernate.engine.jdbc.connections.internal.DriverManagerConnectionProviderImpl.configure(DriverManagerConnectionProviderImpl.java:75)] - HHH10001002: Using Hibernate built-in connection pool (not for production use!)
26-10-2022 12:32:43.861 INFO [main] [org.hibernate.engine.jdbc.connections.internal.DriverManagerConnectionProviderImpl.buildCreator(DriverManagerConnectionProviderImpl.java:119)] - HHH10001005: using driver [com.mysql.cj.jdbc.Driver] at URL [jdbc:mysql://localhost:3306/employee_db]
26-10-2022 12:32:43.862 INFO [main] [org.hibernate.engine.jdbc.connections.internal.DriverManagerConnectionProviderImpl.buildCreator(DriverManagerConnectionProviderImpl.java:128)] - HHH10001001: Connection properties: {password=****, user=root}
26-10-2022 12:32:43.862 INFO [main] [org.hibernate.engine.jdbc.connections.internal.DriverManagerConnectionProviderImpl.buildCreator(DriverManagerConnectionProviderImpl.java:132)] - HHH10001003: Autocommit mode: false
26-10-2022 12:32:43.870 INFO [main] [org.hibernate.engine.jdbc.connections.internal.DriverManagerConnectionProviderImpl$PooledConnections.<init>(DriverManagerConnectionProviderImpl.java:322)] - HHH000115: Hibernate connection pool size: 20 (min=1)
26-10-2022 12:32:44.371 INFO [main] [org.hibernate.dialect.Dialect.<init>(Dialect.java:175)] - HHH000400: Using dialect: org.hibernate.dialect.MySQL5Dialect
26-10-2022 12:32:45.947 INFO [main] [org.hibernate.resource.transaction.backend.jdbc.internal.DdlTransactionIsolatorNonJtaImpl.getIsolatedConnection(DdlTransactionIsolatorNonJtaImpl.java:48)] - HHH10001501: Connection obtained from JdbcConnectionAccess [org.hibernate.engine.jdbc.env.internal.JdbcEnvironmentInitiator$ConnectionProviderJdbcConnectionAccess@78a3a272] for (non-JTA) DDL execution was not in auto-commit mode; the Connection 'local transaction' will be committed and the Connection will be set into auto-commit mode.
26-10-2022 12:32:46.180 INFO [main] [org.hibernate.engine.transaction.jta.platform.internal.JtaPlatformInitiator.initiateService(JtaPlatformInitiator.java:52)] - HHH000490: Using JtaPlatform implementation: [org.hibernate.engine.transaction.jta.platform.internal.NoJtaPlatform]
26-10-2022 12:32:46.640 INFO [main] [org.springframework.web.servlet.FrameworkServlet.initServletBean(FrameworkServlet.java:547)] - Completed initialization in 5293 ms
26-10-2022 18:19:53.030 WARN [http-nio-8080-exec-10] [org.springframework.web.servlet.handler.AbstractHandlerExceptionResolver.logException(AbstractHandlerExceptionResolver.java:208)] - Resolved [org.springframework.validation.BindException: org.springframework.validation.BeanPropertyBindingResult: 1 errors<EOL>Field error in object 'trainee' on field 'phoneNumber': rejected value [klsa]; codes [typeMismatch.trainee.phoneNumber,typeMismatch.phoneNumber,typeMismatch.java.lang.Long,typeMismatch]; arguments [org.springframework.context.support.DefaultMessageSourceResolvable: codes [trainee.phoneNumber,phoneNumber]; arguments []; default message [phoneNumber]]; default message [Failed to convert property value of type 'java.lang.String' to required type 'java.lang.Long' for property 'phoneNumber'; nested exception is java.lang.NumberFormatException: For input string: "klsa"]]
26-10-2022 18:19:57.046 WARN [http-nio-8080-exec-1] [org.springframework.web.servlet.handler.AbstractHandlerExceptionResolver.logException(AbstractHandlerExceptionResolver.java:208)] - Resolved [org.springframework.validation.BindException: org.springframework.validation.BeanPropertyBindingResult: 1 errors<EOL>Field error in object 'trainee' on field 'phoneNumber': rejected value [klsa]; codes [typeMismatch.trainee.phoneNumber,typeMismatch.phoneNumber,typeMismatch.java.lang.Long,typeMismatch]; arguments [org.springframework.context.support.DefaultMessageSourceResolvable: codes [trainee.phoneNumber,phoneNumber]; arguments []; default message [phoneNumber]]; default message [Failed to convert property value of type 'java.lang.String' to required type 'java.lang.Long' for property 'phoneNumber'; nested exception is java.lang.NumberFormatException: For input string: "klsa"]]
